<?xml version="1.0" encoding="UTF-8"?>
<!-- Generated by org.testng.reporters.JUnitXMLReporter -->
<testsuite ignored="0" hostname="LTGB012079" failures="0" tests="2" name="Surefire test" time="25.127" errors="0" timestamp="2025-06-23T13:47:11 BST">
  <testcase classname="com.selenium.tests.HomePageTest" name="verifyElementsCardIsVisibleAndClickable" time="0.142"/>
  <testcase classname="com.selenium.tests.HomePageTest" name="verifyHomePageLoadsSuccessfully" time="0.063"/>
</testsuite> <!-- Surefire test -->
