<?xml version="1.0" encoding="UTF-8"?>
<!-- Generated by org.testng.reporters.JUnitXMLReporter -->
<testsuite ignored="2" hostname="LTGB012079" failures="0" tests="6" name="Surefire test" time="34.378" errors="0" timestamp="2025-06-25T10:05:25 BST">
  <testcase classname="api.GenerateTokenApiTest" name="generateTokenTest" time="3.722"/>
  <testcase classname="api.LoginApiTest" name="verifyLoginApi" time="0.258"/>
  <testcase classname="com.selenium.tests.HomePageTest" name="verifyElementsCardIsVisibleAndClickable" time="0.174"/>
  <testcase classname="com.selenium.tests.HomePageTest" name="verifyHomePageLoadsSuccessfully" time="0.062"/>
  <testcase classname="com.selenium.tests.LoginPageTest" name="verifyValidLogin" time="1.565"/>
  <testcase classname="io.cucumber.testng.AbstractTestNGCucumberTests" name="runScenario" time="0.079"/>
  <testcase classname="com.selenium.base.Base" name="@BeforeSuite setupExtentReports" time="0.0">
    <ignored/>
  </testcase> <!-- @BeforeSuite setupExtentReports -->
  <testcase classname="com.selenium.base.Base" name="@AfterSuite flushExtentReports" time="0.0">
    <ignored/>
  </testcase> <!-- @AfterSuite flushExtentReports -->
</testsuite> <!-- Surefire test -->
