<?xml version="1.0" encoding="UTF-8"?>
<testng-results ignored="0" total="2" passed="2" failed="0" skipped="0">
  <reporter-output>
  </reporter-output>
  <suite started-at="2025-06-20T14:51:47 BST" name="Surefire suite" finished-at="2025-06-20T14:52:06 BST" duration-ms="18703">
    <groups>
    </groups>
    <test started-at="2025-06-20T14:51:47 BST" name="Surefire test" finished-at="2025-06-20T14:52:06 BST" duration-ms="18703">
      <class name="com.selenium.tests.HomePageTest">
        <test-method is-config="true" signature="setUp()[pri:0, instance:com.selenium.tests.HomePageTest@416c58f5]" started-at="2025-06-20T14:51:47 BST" name="setUp" finished-at="2025-06-20T14:51:53 BST" duration-ms="6289" status="PASS">
          <reporter-output>
          </reporter-output>
        </test-method> <!-- setUp -->
        <test-method signature="verifyElementsCardIsVisibleAndClickable()[pri:0, instance:com.selenium.tests.HomePageTest@416c58f5]" started-at="2025-06-20T14:51:53 BST" name="verifyElementsCardIsVisibleAndClickable" finished-at="2025-06-20T14:51:54 BST" duration-ms="174" status="PASS">
          <reporter-output>
          </reporter-output>
        </test-method> <!-- verifyElementsCardIsVisibleAndClickable -->
        <test-method is-config="true" signature="tearDown()[pri:0, instance:com.selenium.tests.HomePageTest@416c58f5]" started-at="2025-06-20T14:51:54 BST" name="tearDown" finished-at="2025-06-20T14:51:59 BST" duration-ms="5320" status="PASS">
          <reporter-output>
          </reporter-output>
        </test-method> <!-- tearDown -->
        <test-method is-config="true" signature="setUp()[pri:0, instance:com.selenium.tests.HomePageTest@416c58f5]" started-at="2025-06-20T14:51:59 BST" name="setUp" finished-at="2025-06-20T14:52:04 BST" duration-ms="4656" status="PASS">
          <reporter-output>
          </reporter-output>
        </test-method> <!-- setUp -->
        <test-method signature="verifyHomePageLoadsSuccessfully()[pri:0, instance:com.selenium.tests.HomePageTest@416c58f5]" started-at="2025-06-20T14:52:04 BST" name="verifyHomePageLoadsSuccessfully" finished-at="2025-06-20T14:52:04 BST" duration-ms="72" status="PASS">
          <reporter-output>
          </reporter-output>
        </test-method> <!-- verifyHomePageLoadsSuccessfully -->
        <test-method is-config="true" signature="tearDown()[pri:0, instance:com.selenium.tests.HomePageTest@416c58f5]" started-at="2025-06-20T14:52:04 BST" name="tearDown" finished-at="2025-06-20T14:52:06 BST" duration-ms="2115" status="PASS">
          <reporter-output>
          </reporter-output>
        </test-method> <!-- tearDown -->
      </class> <!-- com.selenium.tests.HomePageTest -->
    </test> <!-- Surefire test -->
  </suite> <!-- Surefire suite -->
</testng-results>
