<?xml version="1.0" encoding="UTF-8"?>
<testsuite xmlns:xsi="http://www.w3.org/2001/XMLSchema-instance" xsi:noNamespaceSchemaLocation="https://maven.apache.org/surefire/maven-surefire-plugin/xsd/surefire-test-report-3.0.xsd" version="3.0" name="TestSuite" time="33.339" tests="6" errors="0" skipped="0" failures="0">
  <properties>
[...]
</properties>
  <testcase name="generateTokenTest" classname="api.GenerateTokenApiTest" time="3.724">
    <system-out><![CDATA[2025-06-25 14:21:55 [main] INFO  ApiUtils - Generating token for user: maryamfarooq
2025-06-25 14:21:57 [main] INFO  ApiUtils - Response code: 200
2025-06-25 14:21:58 [main] INFO  ApiUtils - Generated token: eyJhbGciOiJIUzI1NiIsInR5cCI6IkpXVCJ9.eyJ1c2VyTmFtZSI6Im1hcnlhbWZhcm9vcSIsInBhc3N3b3JkIjoiTWFyeWFtMTIzISIsImlhdCI6MTc1MDg1NzcxNn0.zrTQu1l34NeWUpUkP78c-FOu4C5d1CbggdINO63viXE
]]></system-out>
  </testcase>
  <testcase name="verifyLoginApi" classname="api.LoginApiTest" time="0.36">
    <system-out><![CDATA[2025-06-25 14:21:59 [main] INFO  ApiUtils - Performing login API for user: maryamfarooq
2025-06-25 14:21:59 [main] INFO  ApiUtils - Login Response Code: 200
]]></system-out>
  </testcase>
  <testcase name="verifyElementsCardIsVisibleAndClickable" classname="com.selenium.tests.HomePageTest" time="0.37">
    <system-out><![CDATA[2025-06-25 14:21:59 [main] INFO  Base - Launching browser
2025-06-25 14:22:05 [main] INFO  Base - Navigated to: https://demoqa.com/login
2025-06-25 14:22:05 [main] INFO  HomePageTest - Starting test for visibility and clickability of 'Elements' card.
2025-06-25 14:22:05 [main] INFO  HomePage - HomePage initialized with PageFactory
2025-06-25 14:22:05 [main] INFO  HomePage - Checking card visibility: elements
2025-06-25 14:22:05 [main] INFO  HomePageTest - 'Elements' card is visible.
2025-06-25 14:22:05 [main] INFO  HomePage - Clicking card: elements
2025-06-25 14:22:05 [main] INFO  HomePageTest - Clicked on 'Elements' card.
]]></system-out>
  </testcase>
  <testcase name="verifyHomePageLoadsSuccessfully" classname="com.selenium.tests.HomePageTest" time="0.1">
    <system-out><![CDATA[2025-06-25 14:22:08 [main] INFO  Base - Browser closed
2025-06-25 14:22:08 [main] INFO  Base - Launching browser
2025-06-25 14:22:12 [main] INFO  Base - Navigated to: https://demoqa.com/login
2025-06-25 14:22:12 [main] INFO  HomePageTest - Starting Home Page load verification test.
2025-06-25 14:22:12 [main] INFO  HomePage - HomePage initialized with PageFactory
2025-06-25 14:22:12 [main] INFO  HomePage - Logo visible: true
2025-06-25 14:22:12 [main] INFO  HomePage - Footer visible: true
2025-06-25 14:22:12 [main] INFO  HomePage - Home page loaded status: true
2025-06-25 14:22:12 [main] INFO  HomePageTest - Home page loaded successfully.
]]></system-out>
  </testcase>
  <testcase name="verifyValidLogin" classname="com.selenium.tests.LoginPageTest" time="1.608">
    <system-out><![CDATA[2025-06-25 14:22:15 [main] INFO  Base - Browser closed
2025-06-25 14:22:15 [main] INFO  Base - Launching browser
2025-06-25 14:22:21 [main] INFO  Base - Navigated to: https://demoqa.com/login
]]></system-out>
  </testcase>
  <testcase name="runScenario[&quot;Successful login&quot;, &quot;Optional[User Login]&quot;](1)" classname="runner.TestRunner" time="0.183">
    <system-out><![CDATA[2025-06-25 14:22:25 [main] INFO  Base - Browser closed

Scenario: Successful login                        &amp#27;[90m# src/test/resources/features/Login.feature:2&amp#27;[0m
User is on login page
  &amp#27;[32mGiven &amp#27;[0m&amp#27;[32mthe user is on the login page&amp#27;[0m             &amp#27;[90m# stepdefinitions.LoginSteps.theUserIsOnTheLoginPage()&amp#27;[0m
  &amp#27;[32mWhen &amp#27;[0m&amp#27;[32mthey enter valid credentials&amp#27;[0m               &amp#27;[90m# stepdefinitions.LoginSteps.theyEnterValidCredentials()&amp#27;[0m
User is redirected to the dashboard
  &amp#27;[32mThen &amp#27;[0m&amp#27;[32mthey should be redirected to the dashboard&amp#27;[0m &amp#27;[90m# stepdefinitions.LoginSteps.theyShouldBeRedirectedToTheDashboard()&amp#27;[0m
]]></system-out>
  </testcase>
</testsuite>